<?xml version="1.0" encoding="UTF-8"?>
<!-- Generated by org.testng.reporters.JUnitXMLReporter -->
<testsuite ignored="0" hostname="DESKTOP-NMQA535" failures="0" tests="3" name="Default test" time="44.776" errors="0" timestamp="2022-02-26T19:20:42 IST">
  <testcase classname="testNG.Test_NDTV" name="google_SearchTest" time="31.041"/>
  <testcase classname="testNG.Test_NDTV" name="ndtv_HomePageTest" time="1.573"/>
  <testcase classname="testNG.Test_NDTV" name="operation_Test" time="4.4"/>
</testsuite> <!-- Default test -->
